# JRE version: OpenJDK Runtime Environment (11.0.1.6+5) (build 11.0.1.6+5-201812161459)
# Java VM: Dynamic Code Evolution 64-Bit Server VM (11.0.1.6+5-201812161459, mixed mode, tiered, compressed oops, serial gc, windows-amd64)
Heap:
 def new generation   total 59072K, used 4297K [0x0000000741c00000, 0x0000000745c10000, 0x00000007812a0000)
  eden space 52544K,   8% used [0x0000000741c00000, 0x0000000742032760, 0x0000000744f50000)
  from space 6528K,   0% used [0x00000007455b0000, 0x00000007455b0000, 0x0000000745c10000)
  to   space 6528K,   0% used [0x0000000744f50000, 0x0000000744f50000, 0x00000007455b0000)
 tenured generation   total 131072K, used 34610K [0x00000007812a0000, 0x00000007892a0000, 0x0000000800000000)
   the space 131072K,  26% used [0x00000007812a0000, 0x000000078346ca48, 0x000000078346cc00, 0x00000007892a0000)
 Metaspace       used 60113K, capacity 61539K, committed 62000K, reserved 1103872K
  class space    used 6853K, capacity 7335K, committed 7552K, reserved 1048576K
GC Heap History (10 events):
Event: 11196.236 GC heap before
{Heap before GC invocations=166 (full 52):
 def new generation   total 59072K, used 54634K [0x0000000741c00000, 0x0000000745c10000, 0x00000007812a0000)
  eden space 52544K, 100% used [0x0000000741c00000, 0x0000000744f50000, 0x0000000744f50000)
  from space 6528K,  32% used [0x0000000744f50000, 0x000000074515aa58, 0x00000007455b0000)
  to   space 6528K,   0% used [0x00000007455b0000, 0x00000007455b0000, 0x0000000745c10000)
 tenured generation   total 131072K, used 36283K [0x00000007812a0000, 0x00000007892a0000, 0x0000000800000000)
   the space 131072K,  27% used [0x00000007812a0000, 0x000000078360eeb8, 0x000000078360f000, 0x00000007892a0000)
 Metaspace       used 60134K, capacity 61684K, committed 61872K, reserved 1103872K
  class space    used 6853K, capacity 7392K, committed 7424K, reserved 1048576K
}
Event: 11196.247 GC heap after
{Heap after GC invocations=167 (full 52):
 def new generation   total 59072K, used 2052K [0x0000000741c00000, 0x0000000745c10000, 0x00000007812a0000)
  eden space 52544K,   0% used [0x0000000741c00000, 0x0000000741c00000, 0x0000000744f50000)
  from space 6528K,  31% used [0x00000007455b0000, 0x00000007457b1020, 0x0000000745c10000)
  to   space 6528K,   0% used [0x0000000744f50000, 0x0000000744f50000, 0x00000007455b0000)
 tenured generation   total 131072K, used 36283K [0x00000007812a0000, 0x00000007892a0000, 0x0000000800000000)
   the space 131072K,  27% used [0x00000007812a0000, 0x000000078360eeb8, 0x000000078360f000, 0x00000007892a0000)
 Metaspace       used 60134K, capacity 61684K, committed 61872K, reserved 1103872K
  class space    used 6853K, capacity 7392K, committed 7424K, reserved 1048576K
}
Event: 12054.453 GC heap before
{Heap before GC invocations=167 (full 52):
 def new generation   total 59072K, used 30877K [0x0000000741c00000, 0x0000000745c10000, 0x00000007812a0000)
  eden space 52544K,  54% used [0x0000000741c00000, 0x0000000743826548, 0x0000000744f50000)
  from space 6528K,  31% used [0x00000007455b0000, 0x00000007457b1020, 0x0000000745c10000)
  to   space 6528K,   0% used [0x0000000744f50000, 0x0000000744f50000, 0x00000007455b0000)
 tenured generation   total 131072K, used 36283K [0x00000007812a0000, 0x00000007892a0000, 0x0000000800000000)
   the space 131072K,  27% used [0x00000007812a0000, 0x000000078360eeb8, 0x000000078360f000, 0x00000007892a0000)
 Metaspace       used 60181K, capacity 61695K, committed 61872K, reserved 1103872K
  class space    used 6860K, capacity 7395K, committed 7424K, reserved 1048576K
}
Event: 12054.764 GC heap after
{Heap after GC invocations=168 (full 53):
 def new generation   total 59072K, used 0K [0x0000000741c00000, 0x0000000745c10000, 0x00000007812a0000)
  eden space 52544K,   0% used [0x0000000741c00000, 0x0000000741c00000, 0x0000000744f50000)
  from space 6528K,   0% used [0x00000007455b0000, 0x00000007455b0000, 0x0000000745c10000)
  to   space 6528K,   0% used [0x0000000744f50000, 0x0000000744f50000, 0x00000007455b0000)
 tenured generation   total 131072K, used 37390K [0x00000007812a0000, 0x00000007892a0000, 0x0000000800000000)
   the space 131072K,  28% used [0x00000007812a0000, 0x0000000783723930, 0x0000000783723a00, 0x00000007892a0000)
 Metaspace       used 59961K, capacity 61379K, committed 61872K, reserved 1103872K
  class space    used 6804K, capacity 7303K, committed 7424K, reserved 1048576K
}
Event: 12055.941 GC heap before
{Heap before GC invocations=168 (full 53):
 def new generation   total 59072K, used 1682K [0x0000000741c00000, 0x0000000745c10000, 0x00000007812a0000)
  eden space 52544K,   3% used [0x0000000741c00000, 0x0000000741da4808, 0x0000000744f50000)
  from space 6528K,   0% used [0x00000007455b0000, 0x00000007455b0000, 0x0000000745c10000)
  to   space 6528K,   0% used [0x0000000744f50000, 0x0000000744f50000, 0x00000007455b0000)
 tenured generation   total 131072K, used 37390K [0x00000007812a0000, 0x00000007892a0000, 0x0000000800000000)
   the space 131072K,  28% used [0x00000007812a0000, 0x0000000783723930, 0x0000000783723a00, 0x00000007892a0000)
 Metaspace       used 59988K, capacity 61443K, committed 61872K, reserved 1103872K
  class space    used 6810K, capacity 7303K, committed 7424K, reserved 1048576K
}
Event: 12056.224 GC heap after
{Heap after GC invocations=169 (full 54):
 def new generation   total 59072K, used 0K [0x0000000741c00000, 0x0000000745c10000, 0x00000007812a0000)
  eden space 52544K,   0% used [0x0000000741c00000, 0x0000000741c00000, 0x0000000744f50000)
  from space 6528K,   0% used [0x00000007455b0000, 0x00000007455b0000, 0x0000000745c10000)
  to   space 6528K,   0% used [0x0000000744f50000, 0x0000000744f50000, 0x00000007455b0000)
 tenured generation   total 131072K, used 37391K [0x00000007812a0000, 0x00000007892a0000, 0x0000000800000000)
   the space 131072K,  28% used [0x00000007812a0000, 0x0000000783723d68, 0x0000000783723e00, 0x00000007892a0000)
 Metaspace       used 59988K, capacity 61443K, committed 61872K, reserved 1103872K
  class space    used 6810K, capacity 7303K, committed 7424K, reserved 1048576K
}
Event: 12057.559 GC heap before
{Heap before GC invocations=169 (full 54):
 def new generation   total 59072K, used 1682K [0x0000000741c00000, 0x0000000745c10000, 0x00000007812a0000)
  eden space 52544K,   3% used [0x0000000741c00000, 0x0000000741da4808, 0x0000000744f50000)
  from space 6528K,   0% used [0x00000007455b0000, 0x00000007455b0000, 0x0000000745c10000)
  to   space 6528K,   0% used [0x0000000744f50000, 0x0000000744f50000, 0x00000007455b0000)
 tenured generation   total 131072K, used 37391K [0x00000007812a0000, 0x00000007892a0000, 0x0000000800000000)
   the space 131072K,  28% used [0x00000007812a0000, 0x0000000783723d68, 0x0000000783723e00, 0x00000007892a0000)
 Metaspace       used 60014K, capacity 61443K, committed 61872K, reserved 1103872K
  class space    used 6815K, capacity 7303K, committed 7424K, reserved 1048576K
}
Event: 12057.762 GC heap after
{Heap after GC invocations=170 (full 55):
 def new generation   total 59072K, used 0K [0x0000000741c00000, 0x0000000745c10000, 0x00000007812a0000)
  eden space 52544K,   0% used [0x0000000741c00000, 0x0000000741c00000, 0x0000000744f50000)
  from space 6528K,   0% used [0x00000007455b0000, 0x00000007455b0000, 0x0000000745c10000)
  to   space 6528K,   0% used [0x0000000744f50000, 0x0000000744f50000, 0x00000007455b0000)
 tenured generation   total 131072K, used 37392K [0x00000007812a0000, 0x00000007892a0000, 0x0000000800000000)
   the space 131072K,  28% used [0x00000007812a0000, 0x00000007837241a0, 0x0000000783724200, 0x00000007892a0000)
 Metaspace       used 60014K, capacity 61443K, committed 61872K, reserved 1103872K
  class space    used 6815K, capacity 7303K, committed 7424K, reserved 1048576K
}
Event: 12059.251 GC heap before
{Heap before GC invocations=170 (full 55):
 def new generation   total 59072K, used 1684K [0x0000000741c00000, 0x0000000745c10000, 0x00000007812a0000)
  eden space 52544K,   3% used [0x0000000741c00000, 0x0000000741da5260, 0x0000000744f50000)
  from space 6528K,   0% used [0x00000007455b0000, 0x00000007455b0000, 0x0000000745c10000)
  to   space 6528K,   0% used [0x0000000744f50000, 0x0000000744f50000, 0x00000007455b0000)
 tenured generation   total 131072K, used 37392K [0x00000007812a0000, 0x00000007892a0000, 0x0000000800000000)
   the space 131072K,  28% used [0x00000007812a0000, 0x00000007837241a0, 0x0000000783724200, 0x00000007892a0000)
 Metaspace       used 60043K, capacity 61443K, committed 61872K, reserved 1103872K
  class space    used 6821K, capacity 7303K, committed 7424K, reserved 1048576K
}
Event: 12059.549 GC heap after
{Heap after GC invocations=171 (full 56):
 def new generation   total 59072K, used 0K [0x0000000741c00000, 0x0000000745c10000, 0x00000007812a0000)
  eden space 52544K,   0% used [0x0000000741c00000, 0x0000000741c00000, 0x0000000744f50000)
  from space 6528K,   0% used [0x00000007455b0000, 0x00000007455b0000, 0x0000000745c10000)
  to   space 6528K,   0% used [0x0000000744f50000, 0x0000000744f50000, 0x00000007455b0000)
 tenured generation   total 131072K, used 34610K [0x00000007812a0000, 0x00000007892a0000, 0x0000000800000000)
   the space 131072K,  26% used [0x00000007812a0000, 0x000000078346ca48, 0x000000078346cc00, 0x00000007892a0000)
 Metaspace       used 60043K, capacity 61443K, committed 61872K, reserved 1103872K
  class space    used 6821K, capacity 7303K, committed 7424K, reserved 1048576K
}

